<?xml version="1.0" encoding="UTF-8"?>
<!-- Generated by org.testng.reporters.JUnitXMLReporter -->
<testsuite hostname="NDI-LAP-609" name="Test(failed)" tests="1" failures="1" timestamp="18 May 2019 08:09:58 GMT" time="33.105" errors="0">
  <testcase name="VerifyAppBuilderPage" time="20.459" classname="TestCases.AppsPageTest">
    <failure type="java.lang.NullPointerException">
      <![CDATA[java.lang.NullPointerException
	at org.openqa.selenium.support.pagefactory.DefaultElementLocator.findElement(DefaultElementLocator.java:69)
	at org.openqa.selenium.support.pagefactory.internal.LocatingElementHandler.invoke(LocatingElementHandler.java:38)
	at com.sun.proxy.$Proxy9.click(Unknown Source)
	at Pages.AppsPageFunc.clickOnCreateApp(AppsPageFunc.java:17)
	at TestCases.AppsPageTest.VerifyAppBuilderPage(AppsPageTest.java:24)
... Removed 24 stack frames]]>
    </failure>
  </testcase> <!-- VerifyAppBuilderPage -->
</testsuite> <!-- Test(failed) -->
