<?xml version="1.0" encoding="UTF-8"?>
<testng-results skipped="0" failed="0" total="0" passed="0">
  <reporter-output>
  </reporter-output>
  <suite name="com.codebind.HelloWorldTest" duration-ms="3" started-at="2019-04-22T10:28:51Z" finished-at="2019-04-22T10:28:51Z">
    <groups>
    </groups>
    <test name="Command line test" duration-ms="3" started-at="2019-04-22T10:28:51Z" finished-at="2019-04-22T10:28:51Z">
    </test> <!-- Command line test -->
  </suite> <!-- com.codebind.HelloWorldTest -->
</testng-results>
