<?xml version="1.0" encoding="UTF-8"?>
<testng-results skipped="0" failed="0" total="1" passed="1">
  <reporter-output>
  </reporter-output>
  <suite name="Default suite" duration-ms="81417" started-at="2019-09-04T16:24:40Z" finished-at="2019-09-04T16:26:02Z">
    <groups>
      <group name="FirstGroup">
        <method signature="CreateAppPageTest.verifyCreateApp()[pri:0, instance:TestCases.CreateAppPageTest@1b604f19]" name="verifyCreateApp" class="TestCases.CreateAppPageTest"/>
      </group> <!-- FirstGroup -->
    </groups>
    <test name="Default test" duration-ms="81417" started-at="2019-09-04T16:24:40Z" finished-at="2019-09-04T16:26:02Z">
      <class name="TestCases.CreateAppPageTest">
        <test-method status="PASS" signature="beforetest()[pri:0, instance:TestCases.CreateAppPageTest@1b604f19]" name="beforetest" is-config="true" duration-ms="23" started-at="2019-09-04T21:54:40Z" finished-at="2019-09-04T21:54:40Z">
          <reporter-output>
          </reporter-output>
        </test-method> <!-- beforetest -->
        <test-method status="PASS" signature="beforeclass()[pri:0, instance:TestCases.CreateAppPageTest@1b604f19]" name="beforeclass" is-config="true" duration-ms="16001" started-at="2019-09-04T21:54:40Z" finished-at="2019-09-04T21:54:56Z">
          <reporter-output>
          </reporter-output>
        </test-method> <!-- beforeclass -->
        <test-method status="PASS" signature="verifyCreateApp()[pri:0, instance:TestCases.CreateAppPageTest@1b604f19]" name="verifyCreateApp" duration-ms="63245" started-at="2019-09-04T21:54:56Z" finished-at="2019-09-04T21:55:59Z">
          <reporter-output>
          </reporter-output>
        </test-method> <!-- verifyCreateApp -->
        <test-method status="PASS" signature="afterClass()[pri:0, instance:TestCases.CreateAppPageTest@1b604f19]" name="afterClass" is-config="true" duration-ms="2125" started-at="2019-09-04T21:55:59Z" finished-at="2019-09-04T21:56:02Z">
          <reporter-output>
          </reporter-output>
        </test-method> <!-- afterClass -->
      </class> <!-- TestCases.CreateAppPageTest -->
    </test> <!-- Default test -->
  </suite> <!-- Default suite -->
</testng-results>
